[debug] [2024-03-28T18:23:11.985Z] ----------------------------------------------------------------------
[debug] [2024-03-28T18:23:11.989Z] Command:       C:\Program Files\nodejs\node.exe C:\Users\Ishan\AppData\Roaming\npm\node_modules\firebase-tools\lib\bin\firebase.js init
[debug] [2024-03-28T18:23:11.989Z] CLI Version:   13.5.2
[debug] [2024-03-28T18:23:11.990Z] Platform:      win32
[debug] [2024-03-28T18:23:11.991Z] Node Version:  v20.11.0
[debug] [2024-03-28T18:23:11.991Z] Time:          Thu Mar 28 2024 23:53:11 GMT+0530 (India Standard Time)
[debug] [2024-03-28T18:23:11.991Z] ----------------------------------------------------------------------
[debug] 
[debug] [2024-03-28T18:23:12.121Z] > command requires scopes: ["email","openid","https://www.googleapis.com/auth/cloudplatformprojects.readonly","https://www.googleapis.com/auth/firebase","https://www.googleapis.com/auth/cloud-platform"]
[debug] [2024-03-28T18:23:12.121Z] > authorizing via signed-in user (ishansingh3091@gmail.com)
[info] 
     ######## #### ########  ######## ########     ###     ######  ########
     ##        ##  ##     ## ##       ##     ##  ##   ##  ##       ##
     ######    ##  ########  ######   ########  #########  ######  ######
     ##        ##  ##    ##  ##       ##     ## ##     ##       ## ##
     ##       #### ##     ## ######## ########  ##     ##  ######  ########

You're about to initialize a Firebase project in this directory:

  E:\AmazonNew\amazon-clone

Before we get started, keep in mind:

  * You are initializing within an existing Firebase project directory

